<?xml version="1.0" encoding="UTF-8"?>
<!-- Generated by org.testng.reporters.JUnitReportReporter -->
<testsuite hostname="LAPTOP-LJ94F4V4" failures="0" tests="1" name="Runners.TestRunner" time="0.119" errors="0" timestamp="2021-06-30T12:56:00 IST" skipped="0">
  <testcase classname="Runners.TestRunner" name="runScenario" time="0.119"/>
  <system-out/>
</testsuite> <!-- Runners.TestRunner -->
