<?xml version="1.0" encoding="UTF-8"?>
<!-- Generated by org.testng.reporters.JUnitReportReporter -->
<testsuite hostname="LAPTOP-LJ94F4V4" failures="0" tests="3" name="Runners.Run" time="0.146" errors="0" timestamp="2021-06-30T15:57:00 IST" skipped="0">
  <testcase classname="Runners.Run" name="runScenario" time="0.005"/>
  <system-out/>
  <testcase classname="Runners.Run" name="runScenario" time="0.004"/>
  <system-out/>
  <testcase classname="Runners.Run" name="runScenario" time="0.137"/>
  <system-out/>
</testsuite> <!-- Runners.Run -->
